<?xml version="1.0" encoding="UTF-8"?>
<testng-results ignored="0" total="6" passed="6" failed="0" skipped="0">
  <reporter-output>
  </reporter-output>
  <suite started-at="2024-05-29T15:44:13 CDT" name="TestNG Regression Suite" finished-at="2024-05-29T15:44:21 CDT" duration-ms="7889">
    <groups>
    </groups>
    <test started-at="2024-05-29T15:44:13 CDT" name="seleniumeasylearning" finished-at="2024-05-29T15:44:17 CDT" duration-ms="4210">
      <class name="testngSessions.TestngClass1">
        <test-method is-config="true" signature="launchBrowser(java.lang.String,java.lang.String,java.lang.String)[pri:0, instance:testngSessions.TestngClass1@799f10e1]" started-at="2024-05-29T15:44:13 CDT" name="launchBrowser" finished-at="2024-05-29T15:44:17 CDT" duration-ms="3869" status="PASS">
          <params>
            <param index="0">
              <value>
                <![CDATA[https://seleniumeasylearning.blogspot.com/2024/05/implicit-and-explicit-waits.html]]>
              </value>
            </param>
            <param index="1">
              <value>
                <![CDATA[chrome]]>
              </value>
            </param>
            <param index="2">
              <value>
                <![CDATA[false]]>
              </value>
            </param>
          </params>
          <reporter-output>
          </reporter-output>
        </test-method> <!-- launchBrowser -->
        <test-method signature="titleTest()[pri:0, instance:testngSessions.TestngClass1@799f10e1]" started-at="2024-05-29T15:44:17 CDT" name="titleTest" finished-at="2024-05-29T15:44:17 CDT" duration-ms="26" status="PASS">
          <reporter-output>
          </reporter-output>
        </test-method> <!-- titleTest -->
        <test-method signature="getcurrentURL()[pri:2, instance:testngSessions.TestngClass1@799f10e1]" started-at="2024-05-29T15:44:17 CDT" name="getcurrentURL" finished-at="2024-05-29T15:44:17 CDT" duration-ms="12" status="PASS">
          <reporter-output>
          </reporter-output>
        </test-method> <!-- getcurrentURL -->
        <test-method is-config="true" signature="closeBrowser()[pri:0, instance:testngSessions.TestngClass1@799f10e1]" started-at="2024-05-29T15:44:17 CDT" name="closeBrowser" finished-at="2024-05-29T15:44:17 CDT" duration-ms="233" status="PASS">
          <reporter-output>
          </reporter-output>
        </test-method> <!-- closeBrowser -->
      </class> <!-- testngSessions.TestngClass1 -->
    </test> <!-- seleniumeasylearning -->
    <test started-at="2024-05-29T15:44:13 CDT" name="OpenCart Test" finished-at="2024-05-29T15:44:20 CDT" duration-ms="6308">
      <class name="testngSessions.TestngClass3">
        <test-method is-config="true" signature="launchBrowser(java.lang.String,java.lang.String,java.lang.String)[pri:0, instance:testngSessions.TestngClass3@36ebc363]" started-at="2024-05-29T15:44:13 CDT" name="launchBrowser" finished-at="2024-05-29T15:44:19 CDT" duration-ms="5763" status="PASS">
          <params>
            <param index="0">
              <value>
                <![CDATA[https://naveenautomationlabs.com/opencart/]]>
              </value>
            </param>
            <param index="1">
              <value>
                <![CDATA[edge]]>
              </value>
            </param>
            <param index="2">
              <value>
                <![CDATA[false]]>
              </value>
            </param>
          </params>
          <reporter-output>
          </reporter-output>
        </test-method> <!-- launchBrowser -->
        <test-method signature="titleTest()[pri:0, instance:testngSessions.TestngClass3@36ebc363]" started-at="2024-05-29T15:44:19 CDT" name="titleTest" finished-at="2024-05-29T15:44:19 CDT" duration-ms="27" status="PASS">
          <reporter-output>
          </reporter-output>
        </test-method> <!-- titleTest -->
        <test-method signature="getcurrentURL()[pri:2, instance:testngSessions.TestngClass3@36ebc363]" started-at="2024-05-29T15:44:19 CDT" name="getcurrentURL" finished-at="2024-05-29T15:44:19 CDT" duration-ms="81" status="PASS">
          <reporter-output>
          </reporter-output>
        </test-method> <!-- getcurrentURL -->
        <test-method is-config="true" signature="closeBrowser()[pri:0, instance:testngSessions.TestngClass3@36ebc363]" started-at="2024-05-29T15:44:19 CDT" name="closeBrowser" finished-at="2024-05-29T15:44:20 CDT" duration-ms="407" status="PASS">
          <reporter-output>
          </reporter-output>
        </test-method> <!-- closeBrowser -->
      </class> <!-- testngSessions.TestngClass3 -->
    </test> <!-- OpenCart Test -->
    <test started-at="2024-05-29T15:44:13 CDT" name="OrangeHRM Test" finished-at="2024-05-29T15:44:21 CDT" duration-ms="7889">
      <class name="testngSessions.TestngClass2">
        <test-method is-config="true" signature="launchBrowser(java.lang.String,java.lang.String,java.lang.String)[pri:0, instance:testngSessions.TestngClass2@206a70ef]" started-at="2024-05-29T15:44:13 CDT" name="launchBrowser" finished-at="2024-05-29T15:44:20 CDT" duration-ms="7096" status="PASS">
          <params>
            <param index="0">
              <value>
                <![CDATA[https://orangehrm.com/en/30-day-free-trial]]>
              </value>
            </param>
            <param index="1">
              <value>
                <![CDATA[firefox]]>
              </value>
            </param>
            <param index="2">
              <value>
                <![CDATA[false]]>
              </value>
            </param>
          </params>
          <reporter-output>
          </reporter-output>
        </test-method> <!-- launchBrowser -->
        <test-method signature="titleTest()[pri:0, instance:testngSessions.TestngClass2@206a70ef]" started-at="2024-05-29T15:44:20 CDT" name="titleTest" finished-at="2024-05-29T15:44:20 CDT" duration-ms="4" status="PASS">
          <reporter-output>
          </reporter-output>
        </test-method> <!-- titleTest -->
        <test-method signature="getcurrentURL()[pri:2, instance:testngSessions.TestngClass2@206a70ef]" started-at="2024-05-29T15:44:20 CDT" name="getcurrentURL" finished-at="2024-05-29T15:44:20 CDT" duration-ms="5" status="PASS">
          <reporter-output>
          </reporter-output>
        </test-method> <!-- getcurrentURL -->
        <test-method is-config="true" signature="closeBrowser()[pri:0, instance:testngSessions.TestngClass2@206a70ef]" started-at="2024-05-29T15:44:20 CDT" name="closeBrowser" finished-at="2024-05-29T15:44:21 CDT" duration-ms="770" status="PASS">
          <reporter-output>
          </reporter-output>
        </test-method> <!-- closeBrowser -->
      </class> <!-- testngSessions.TestngClass2 -->
    </test> <!-- OrangeHRM Test -->
  </suite> <!-- TestNG Regression Suite -->
</testng-results>
